<?xml version="1.0" encoding="UTF-8"?>
<!-- Generated by org.testng.reporters.JUnitReportReporter -->
<testsuite skipped="0" hostname="DESKTOP-PO16SGR" name="com.crm.qa.testcases.HomePageTest" tests="6" failures="0" timestamp="11 Sep 2019 22:31:13 GMT" time="222.622" errors="0">
  <testcase name="validateTitle" time="32.061" classname="com.crm.qa.testcases.HomePageTest"/>
  <testcase name="searchRepository" time="42.418" classname="com.crm.qa.testcases.HomePageTest"/>
  <testcase name="searchAndSelectDropdownTest" time="34.686" classname="com.crm.qa.testcases.HomePageTest"/>
  <testcase name="searchRepository" time="37.510" classname="com.crm.qa.testcases.HomePageTest"/>
  <testcase name="searchRepository" time="40.302" classname="com.crm.qa.testcases.HomePageTest"/>
  <testcase name="navigateRepositoryPage" time="35.645" classname="com.crm.qa.testcases.HomePageTest"/>
</testsuite> <!-- com.crm.qa.testcases.HomePageTest -->
