<?xml version="1.0" encoding="UTF-8"?>
<!-- Generated by org.testng.reporters.JUnitReportReporter -->
<testsuite skipped="0" hostname="DESKTOP-PO16SGR" name="com.crm.qa.testcases.LoginPageTest" tests="2" failures="0" timestamp="03 Sep 2019 21:20:40 GMT" time="26.286" errors="0">
  <testcase name="loginErrorTest" time="11.500" classname="com.crm.qa.testcases.LoginPageTest"/>
  <testcase name="loginTest" time="14.786" classname="com.crm.qa.testcases.LoginPageTest"/>
</testsuite> <!-- com.crm.qa.testcases.LoginPageTest -->
