<?xml version="1.0" encoding="UTF-8"?>
<!-- Generated by org.testng.reporters.JUnitReportReporter -->
<testsuite skipped="0" hostname="DESKTOP-PO16SGR" name="com.crm.qa.testcases.HomePageTest" tests="2" failures="0" timestamp="03 Sep 2019 21:20:40 GMT" time="35.323" errors="0">
  <testcase name="validateTitle" time="9.953" classname="com.crm.qa.testcases.HomePageTest"/>
  <testcase name="searchAndSelectDropdownTest" time="25.370" classname="com.crm.qa.testcases.HomePageTest"/>
</testsuite> <!-- com.crm.qa.testcases.HomePageTest -->
