<?xml version="1.0" encoding="UTF-8"?>
<!-- Generated by org.testng.reporters.JUnitReportReporter -->
<testsuite skipped="0" hostname="DESKTOP-PO16SGR" name="com.crm.qa.testcases.RepositoriesPageTest" tests="1" failures="0" timestamp="02 Sep 2019 22:20:42 GMT" time="14.631" errors="0">
  <testcase name="repositoryLinkCountTest" time="14.631" classname="com.crm.qa.testcases.RepositoriesPageTest"/>
</testsuite> <!-- com.crm.qa.testcases.RepositoriesPageTest -->
