<?xml version="1.0" encoding="UTF-8"?>
<!-- Generated by org.testng.reporters.JUnitReportReporter -->
<testsuite skipped="0" hostname="DESKTOP-PO16SGR" name="com.crm.qa.testcases.LoginPageTest" tests="2" failures="0" timestamp="11 Sep 2019 22:31:13 GMT" time="67.309" errors="0">
  <testcase name="loginErrorTest" time="33.163" classname="com.crm.qa.testcases.LoginPageTest"/>
  <testcase name="loginTest" time="34.146" classname="com.crm.qa.testcases.LoginPageTest"/>
</testsuite> <!-- com.crm.qa.testcases.LoginPageTest -->
