<?xml version="1.0" encoding="UTF-8"?>
<!-- Generated by org.testng.reporters.JUnitReportReporter -->
<testsuite skipped="0" hostname="DESKTOP-PO16SGR" name="com.crm.qa.testcases.RepositoriesPageTest" tests="1" failures="0" timestamp="11 Sep 2019 22:31:13 GMT" time="34.791" errors="0">
  <testcase name="repositoryLinkCountTest" time="34.791" classname="com.crm.qa.testcases.RepositoriesPageTest"/>
</testsuite> <!-- com.crm.qa.testcases.RepositoriesPageTest -->
