<?xml version="1.0" encoding="UTF-8"?>
<!-- Generated by org.testng.reporters.JUnitReportReporter -->
<testsuite skipped="0" hostname="DESKTOP-PO16SGR" name="com.crm.qa.testcases.HomePageTest" tests="2" failures="0" timestamp="02 Sep 2019 22:20:42 GMT" time="22.449" errors="0">
  <testcase name="validateTitle" time="10.547" classname="com.crm.qa.testcases.HomePageTest"/>
  <testcase name="navigateRepositoryPage" time="11.902" classname="com.crm.qa.testcases.HomePageTest"/>
</testsuite> <!-- com.crm.qa.testcases.HomePageTest -->
