<?xml version="1.0" encoding="UTF-8"?>
<!-- Generated by org.testng.reporters.JUnitReportReporter -->
<testsuite skipped="0" hostname="DESKTOP-PO16SGR" name="com.crm.qa.testcases.LoginPageTest" tests="2" failures="0" timestamp="02 Sep 2019 22:20:42 GMT" time="27.314" errors="0">
  <testcase name="loginErrorTest" time="16.345" classname="com.crm.qa.testcases.LoginPageTest"/>
  <testcase name="loginTest" time="10.969" classname="com.crm.qa.testcases.LoginPageTest"/>
</testsuite> <!-- com.crm.qa.testcases.LoginPageTest -->
