<?xml version="1.0" encoding="UTF-8"?>
<!-- Generated by org.testng.reporters.JUnitReportReporter -->
<testsuite skipped="0" hostname="DESKTOP-PO16SGR" name="com.crm.qa.testcases.HomePageTest" tests="2" failures="0" timestamp="25 Aug 2019 11:06:11 GMT" time="24.125" errors="0">
  <testcase name="validateTitle" time="10.318" classname="com.crm.qa.testcases.HomePageTest"/>
  <testcase name="searchRepository" time="13.807" classname="com.crm.qa.testcases.HomePageTest"/>
</testsuite> <!-- com.crm.qa.testcases.HomePageTest -->
