<?xml version="1.0" encoding="UTF-8"?>
<!-- Generated by org.testng.reporters.JUnitReportReporter -->
<testsuite skipped="0" hostname="DESKTOP-PO16SGR" name="com.crm.qa.testcases.LoginPageTest" tests="2" failures="0" timestamp="11 Sep 2019 22:00:54 GMT" time="72.035" errors="0">
  <testcase name="loginErrorTest" time="31.721" classname="com.crm.qa.testcases.LoginPageTest"/>
  <testcase name="loginTest" time="40.314" classname="com.crm.qa.testcases.LoginPageTest"/>
</testsuite> <!-- com.crm.qa.testcases.LoginPageTest -->
