<?xml version="1.0" encoding="UTF-8"?>
<!-- Generated by org.testng.reporters.JUnitReportReporter -->
<testsuite skipped="0" hostname="DESKTOP-PO16SGR" name="com.crm.qa.testcases.LoginPageTest" tests="2" failures="0" timestamp="03 Sep 2019 21:13:48 GMT" time="29.245" errors="0">
  <testcase name="loginErrorTest" time="11.061" classname="com.crm.qa.testcases.LoginPageTest"/>
  <testcase name="loginTest" time="18.184" classname="com.crm.qa.testcases.LoginPageTest"/>
</testsuite> <!-- com.crm.qa.testcases.LoginPageTest -->
