<?xml version="1.0" encoding="UTF-8"?>
<!-- Generated by org.testng.reporters.JUnitReportReporter -->
<testsuite skipped="0" hostname="DESKTOP-PO16SGR" name="com.crm.qa.testcases.HomePageTest" tests="6" failures="0" timestamp="11 Sep 2019 22:00:54 GMT" time="217.836" errors="0">
  <testcase name="validateTitle" time="33.878" classname="com.crm.qa.testcases.HomePageTest"/>
  <testcase name="searchRepository" time="38.746" classname="com.crm.qa.testcases.HomePageTest"/>
  <testcase name="searchAndSelectDropdownTest" time="38.571" classname="com.crm.qa.testcases.HomePageTest"/>
  <testcase name="searchRepository" time="34.757" classname="com.crm.qa.testcases.HomePageTest"/>
  <testcase name="searchRepository" time="39.186" classname="com.crm.qa.testcases.HomePageTest"/>
  <testcase name="navigateRepositoryPage" time="32.698" classname="com.crm.qa.testcases.HomePageTest"/>
</testsuite> <!-- com.crm.qa.testcases.HomePageTest -->
