<?xml version="1.0" encoding="UTF-8"?>
<!-- Generated by org.testng.reporters.JUnitReportReporter -->
<testsuite skipped="0" hostname="DESKTOP-PO16SGR" name="com.crm.qa.testcases.HomePageTest" tests="2" failures="0" timestamp="03 Sep 2019 21:13:48 GMT" time="30.674" errors="0">
  <testcase name="validateTitle" time="10.502" classname="com.crm.qa.testcases.HomePageTest"/>
  <testcase name="searchAndSelectDropdownTest" time="20.172" classname="com.crm.qa.testcases.HomePageTest"/>
</testsuite> <!-- com.crm.qa.testcases.HomePageTest -->
