<?xml version="1.0" encoding="UTF-8"?>
<!-- Generated by org.testng.reporters.JUnitReportReporter -->
<testsuite skipped="0" hostname="DESKTOP-PO16SGR" name="com.crm.qa.testcases.RepositoriesPageTest" tests="1" failures="0" timestamp="11 Sep 2019 22:00:55 GMT" time="36.361" errors="0">
  <testcase name="repositoryLinkCountTest" time="36.361" classname="com.crm.qa.testcases.RepositoriesPageTest"/>
</testsuite> <!-- com.crm.qa.testcases.RepositoriesPageTest -->
