<?xml version="1.0" encoding="UTF-8"?>
<!-- Generated by org.testng.reporters.JUnitReportReporter -->
<testsuite skipped="0" hostname="DESKTOP-PO16SGR" name="com.crm.qa.testcases.LoginPageTest" tests="1" failures="0" timestamp="25 Aug 2019 11:06:11 GMT" time="12.983" errors="0">
  <testcase name="loginTest" time="12.983" classname="com.crm.qa.testcases.LoginPageTest"/>
</testsuite> <!-- com.crm.qa.testcases.LoginPageTest -->
